<?xml version="1.0" encoding="UTF-8"?>
<robot generator="Robot 3.2.2 (Python 3.7.9 on win32)" generated="20210329 09:30:23.501" rpa="false">
<suite id="s1" name="SortingofTables" source="C:\Users\selca\PycharmProjects\RobotDatePicker\Tests\Google\SortingofTables.robot">
<test id="s1-t1" name="Verify that the table should be sorted Ascending via Name">
<kw name="Start TestCase" library="Keywords" type="setup">
<kw name="Open Browser" library="SeleniumLibrary">
<doc>Opens a new browser instance to the optional ``url``.</doc>
<arguments>
<arg>${URL}</arg>
<arg>${Browser}</arg>
</arguments>
<msg timestamp="20210329 09:30:24.639" level="INFO">Opening browser 'Chrome' to base url 'https://www.seleniumeasy.com/test/table-sort-search-demo.html'.</msg>
<status status="PASS" starttime="20210329 09:30:24.638" endtime="20210329 09:30:27.562"></status>
</kw>
<kw name="Maximize Browser Window" library="SeleniumLibrary">
<doc>Maximizes current browser window.</doc>
<status status="PASS" starttime="20210329 09:30:27.562" endtime="20210329 09:30:27.689"></status>
</kw>
<status status="PASS" starttime="20210329 09:30:24.638" endtime="20210329 09:30:27.690"></status>
</kw>
<kw name="Sort Table via Name Ascending" library="Keywords">
<kw name="Wait Until Element Is Visible" library="SeleniumLibrary">
<doc>Waits until the element ``locator`` is visible.</doc>
<arguments>
<arg>${th_asc}</arg>
<arg>30</arg>
</arguments>
<status status="PASS" starttime="20210329 09:30:27.690" endtime="20210329 09:30:27.723"></status>
</kw>
<kw name="Click Element" library="SeleniumLibrary">
<doc>Click the element identified by ``locator``.</doc>
<arguments>
<arg>${th_asc}</arg>
</arguments>
<msg timestamp="20210329 09:30:27.723" level="INFO">Clicking element '//th[@class='sorting_asc']'.</msg>
<status status="PASS" starttime="20210329 09:30:27.723" endtime="20210329 09:30:27.774"></status>
</kw>
<status status="PASS" starttime="20210329 09:30:27.690" endtime="20210329 09:30:27.774"></status>
</kw>
<kw name="Sort Name">
<kw name="Create List" library="BuiltIn">
<doc>Returns a list containing given items.</doc>
<assign>
<var>@{username_list}</var>
</assign>
<msg timestamp="20210329 09:30:27.776" level="INFO">@{username_list} = [ ]</msg>
<status status="PASS" starttime="20210329 09:30:27.775" endtime="20210329 09:30:27.776"></status>
</kw>
<kw name="Get WebElements" library="SeleniumLibrary">
<doc>Returns a list of WebElement objects matching the ``locator``.</doc>
<arguments>
<arg>css=#example &gt; tbody &gt; tr&gt; td:nth-child(1)</arg>
</arguments>
<assign>
<var>@{get_name}</var>
</assign>
<msg timestamp="20210329 09:30:27.788" level="INFO">@{get_name} = [ &lt;selenium.webdriver.remote.webelement.WebElement (session="31118fd7529d9f3e651402d0b85380a0", element="fb1bbde6-1ed3-4e4d-a09b-bb1635b04b68")&gt; | &lt;selenium.webdriver.remote.webelement.WebElement (ses...</msg>
<status status="PASS" starttime="20210329 09:30:27.776" endtime="20210329 09:30:27.788"></status>
</kw>
<kw name="${each} IN [ @{get_name} ]" type="for">
<kw name="${each} = &lt;selenium.webdriver.remote.webelement.WebElement (session=&quot;31118fd7529d9f3e651402d0b85380a0&quot;, element=&quot;fb1bbde6-1ed3-4e4d-a09b-bb1635b04b68&quot;)&gt;" type="foritem">
<kw name="Get Text" library="SeleniumLibrary">
<doc>Returns the text value of the element identified by ``locator``.</doc>
<arguments>
<arg>${each}</arg>
</arguments>
<assign>
<var>${names}</var>
</assign>
<msg timestamp="20210329 09:30:27.805" level="INFO">${names} = Y. Berry</msg>
<status status="PASS" starttime="20210329 09:30:27.789" endtime="20210329 09:30:27.805"></status>
</kw>
<kw name="Append To List" library="Collections">
<doc>Adds ``values`` to the end of ``list``.</doc>
<arguments>
<arg>${username_list}</arg>
<arg>${names}</arg>
</arguments>
<status status="PASS" starttime="20210329 09:30:27.805" endtime="20210329 09:30:27.805"></status>
</kw>
<kw name="Evaluate" library="BuiltIn">
<doc>Evaluates the given expression in Python and returns the result.</doc>
<arguments>
<arg>sorted(${username_list}, key=str, reverse=True)</arg>
</arguments>
<assign>
<var>${sorted}</var>
</assign>
<msg timestamp="20210329 09:30:27.806" level="INFO">${sorted} = ['Y. Berry']</msg>
<status status="PASS" starttime="20210329 09:30:27.806" endtime="20210329 09:30:27.806"></status>
</kw>
<kw name="Lists Should Be Equal" library="Collections">
<doc>Fails if given lists are unequal.</doc>
<arguments>
<arg>${username_list}</arg>
<arg>${sorted}</arg>
</arguments>
<status status="PASS" starttime="20210329 09:30:27.806" endtime="20210329 09:30:27.806"></status>
</kw>
<kw name="Log To Console" library="BuiltIn">
<doc>Logs the given message to the console.</doc>
<arguments>
<arg>${sorted}</arg>
</arguments>
<status status="PASS" starttime="20210329 09:30:27.806" endtime="20210329 09:30:27.807"></status>
</kw>
<status status="PASS" starttime="20210329 09:30:27.789" endtime="20210329 09:30:27.807"></status>
</kw>
<kw name="${each} = &lt;selenium.webdriver.remote.webelement.WebElement (session=&quot;31118fd7529d9f3e651402d0b85380a0&quot;, element=&quot;bf610ba5-27e0-45bb-94bf-bceeb3470a38&quot;)&gt;" type="foritem">
<kw name="Get Text" library="SeleniumLibrary">
<doc>Returns the text value of the element identified by ``locator``.</doc>
<arguments>
<arg>${each}</arg>
</arguments>
<assign>
<var>${names}</var>
</assign>
<msg timestamp="20210329 09:30:27.823" level="INFO">${names} = T. Nixon</msg>
<status status="PASS" starttime="20210329 09:30:27.807" endtime="20210329 09:30:27.823"></status>
</kw>
<kw name="Append To List" library="Collections">
<doc>Adds ``values`` to the end of ``list``.</doc>
<arguments>
<arg>${username_list}</arg>
<arg>${names}</arg>
</arguments>
<status status="PASS" starttime="20210329 09:30:27.823" endtime="20210329 09:30:27.823"></status>
</kw>
<kw name="Evaluate" library="BuiltIn">
<doc>Evaluates the given expression in Python and returns the result.</doc>
<arguments>
<arg>sorted(${username_list}, key=str, reverse=True)</arg>
</arguments>
<assign>
<var>${sorted}</var>
</assign>
<msg timestamp="20210329 09:30:27.824" level="INFO">${sorted} = ['Y. Berry', 'T. Nixon']</msg>
<status status="PASS" starttime="20210329 09:30:27.824" endtime="20210329 09:30:27.824"></status>
</kw>
<kw name="Lists Should Be Equal" library="Collections">
<doc>Fails if given lists are unequal.</doc>
<arguments>
<arg>${username_list}</arg>
<arg>${sorted}</arg>
</arguments>
<status status="PASS" starttime="20210329 09:30:27.824" endtime="20210329 09:30:27.824"></status>
</kw>
<kw name="Log To Console" library="BuiltIn">
<doc>Logs the given message to the console.</doc>
<arguments>
<arg>${sorted}</arg>
</arguments>
<status status="PASS" starttime="20210329 09:30:27.824" endtime="20210329 09:30:27.825"></status>
</kw>
<status status="PASS" starttime="20210329 09:30:27.807" endtime="20210329 09:30:27.825"></status>
</kw>
<kw name="${each} = &lt;selenium.webdriver.remote.webelement.WebElement (session=&quot;31118fd7529d9f3e651402d0b85380a0&quot;, element=&quot;ce5c166f-eb8f-4ca9-8455-a349ad9faf64&quot;)&gt;" type="foritem">
<kw name="Get Text" library="SeleniumLibrary">
<doc>Returns the text value of the element identified by ``locator``.</doc>
<arguments>
<arg>${each}</arg>
</arguments>
<assign>
<var>${names}</var>
</assign>
<msg timestamp="20210329 09:30:27.838" level="INFO">${names} = T. Fitzpatrick</msg>
<status status="PASS" starttime="20210329 09:30:27.825" endtime="20210329 09:30:27.838"></status>
</kw>
<kw name="Append To List" library="Collections">
<doc>Adds ``values`` to the end of ``list``.</doc>
<arguments>
<arg>${username_list}</arg>
<arg>${names}</arg>
</arguments>
<status status="PASS" starttime="20210329 09:30:27.838" endtime="20210329 09:30:27.838"></status>
</kw>
<kw name="Evaluate" library="BuiltIn">
<doc>Evaluates the given expression in Python and returns the result.</doc>
<arguments>
<arg>sorted(${username_list}, key=str, reverse=True)</arg>
</arguments>
<assign>
<var>${sorted}</var>
</assign>
<msg timestamp="20210329 09:30:27.839" level="INFO">${sorted} = ['Y. Berry', 'T. Nixon', 'T. Fitzpatrick']</msg>
<status status="PASS" starttime="20210329 09:30:27.838" endtime="20210329 09:30:27.839"></status>
</kw>
<kw name="Lists Should Be Equal" library="Collections">
<doc>Fails if given lists are unequal.</doc>
<arguments>
<arg>${username_list}</arg>
<arg>${sorted}</arg>
</arguments>
<status status="PASS" starttime="20210329 09:30:27.839" endtime="20210329 09:30:27.839"></status>
</kw>
<kw name="Log To Console" library="BuiltIn">
<doc>Logs the given message to the console.</doc>
<arguments>
<arg>${sorted}</arg>
</arguments>
<status status="PASS" starttime="20210329 09:30:27.839" endtime="20210329 09:30:27.841"></status>
</kw>
<status status="PASS" starttime="20210329 09:30:27.825" endtime="20210329 09:30:27.841"></status>
</kw>
<kw name="${each} = &lt;selenium.webdriver.remote.webelement.WebElement (session=&quot;31118fd7529d9f3e651402d0b85380a0&quot;, element=&quot;fd6b5844-3190-4849-a87f-d15478443f25&quot;)&gt;" type="foritem">
<kw name="Get Text" library="SeleniumLibrary">
<doc>Returns the text value of the element identified by ``locator``.</doc>
<arguments>
<arg>${each}</arg>
</arguments>
<assign>
<var>${names}</var>
</assign>
<msg timestamp="20210329 09:30:27.855" level="INFO">${names} = S. Itou</msg>
<status status="PASS" starttime="20210329 09:30:27.841" endtime="20210329 09:30:27.855"></status>
</kw>
<kw name="Append To List" library="Collections">
<doc>Adds ``values`` to the end of ``list``.</doc>
<arguments>
<arg>${username_list}</arg>
<arg>${names}</arg>
</arguments>
<status status="PASS" starttime="20210329 09:30:27.855" endtime="20210329 09:30:27.855"></status>
</kw>
<kw name="Evaluate" library="BuiltIn">
<doc>Evaluates the given expression in Python and returns the result.</doc>
<arguments>
<arg>sorted(${username_list}, key=str, reverse=True)</arg>
</arguments>
<assign>
<var>${sorted}</var>
</assign>
<msg timestamp="20210329 09:30:27.856" level="INFO">${sorted} = ['Y. Berry', 'T. Nixon', 'T. Fitzpatrick', 'S. Itou']</msg>
<status status="PASS" starttime="20210329 09:30:27.855" endtime="20210329 09:30:27.856"></status>
</kw>
<kw name="Lists Should Be Equal" library="Collections">
<doc>Fails if given lists are unequal.</doc>
<arguments>
<arg>${username_list}</arg>
<arg>${sorted}</arg>
</arguments>
<status status="PASS" starttime="20210329 09:30:27.856" endtime="20210329 09:30:27.856"></status>
</kw>
<kw name="Log To Console" library="BuiltIn">
<doc>Logs the given message to the console.</doc>
<arguments>
<arg>${sorted}</arg>
</arguments>
<status status="PASS" starttime="20210329 09:30:27.856" endtime="20210329 09:30:27.856"></status>
</kw>
<status status="PASS" starttime="20210329 09:30:27.841" endtime="20210329 09:30:27.856"></status>
</kw>
<kw name="${each} = &lt;selenium.webdriver.remote.webelement.WebElement (session=&quot;31118fd7529d9f3e651402d0b85380a0&quot;, element=&quot;64964602-ad8d-4171-b987-1606d3777784&quot;)&gt;" type="foritem">
<kw name="Get Text" library="SeleniumLibrary">
<doc>Returns the text value of the element identified by ``locator``.</doc>
<arguments>
<arg>${each}</arg>
</arguments>
<assign>
<var>${names}</var>
</assign>
<msg timestamp="20210329 09:30:27.870" level="INFO">${names} = S. Frost</msg>
<status status="PASS" starttime="20210329 09:30:27.857" endtime="20210329 09:30:27.870"></status>
</kw>
<kw name="Append To List" library="Collections">
<doc>Adds ``values`` to the end of ``list``.</doc>
<arguments>
<arg>${username_list}</arg>
<arg>${names}</arg>
</arguments>
<status status="PASS" starttime="20210329 09:30:27.870" endtime="20210329 09:30:27.870"></status>
</kw>
<kw name="Evaluate" library="BuiltIn">
<doc>Evaluates the given expression in Python and returns the result.</doc>
<arguments>
<arg>sorted(${username_list}, key=str, reverse=True)</arg>
</arguments>
<assign>
<var>${sorted}</var>
</assign>
<msg timestamp="20210329 09:30:27.871" level="INFO">${sorted} = ['Y. Berry', 'T. Nixon', 'T. Fitzpatrick', 'S. Itou', 'S. Frost']</msg>
<status status="PASS" starttime="20210329 09:30:27.870" endtime="20210329 09:30:27.871"></status>
</kw>
<kw name="Lists Should Be Equal" library="Collections">
<doc>Fails if given lists are unequal.</doc>
<arguments>
<arg>${username_list}</arg>
<arg>${sorted}</arg>
</arguments>
<status status="PASS" starttime="20210329 09:30:27.871" endtime="20210329 09:30:27.871"></status>
</kw>
<kw name="Log To Console" library="BuiltIn">
<doc>Logs the given message to the console.</doc>
<arguments>
<arg>${sorted}</arg>
</arguments>
<status status="PASS" starttime="20210329 09:30:27.871" endtime="20210329 09:30:27.871"></status>
</kw>
<status status="PASS" starttime="20210329 09:30:27.857" endtime="20210329 09:30:27.871"></status>
</kw>
<kw name="${each} = &lt;selenium.webdriver.remote.webelement.WebElement (session=&quot;31118fd7529d9f3e651402d0b85380a0&quot;, element=&quot;8feee117-8e03-4492-a1c6-b04a9c84ce6e&quot;)&gt;" type="foritem">
<kw name="Get Text" library="SeleniumLibrary">
<doc>Returns the text value of the element identified by ``locator``.</doc>
<arguments>
<arg>${each}</arg>
</arguments>
<assign>
<var>${names}</var>
</assign>
<msg timestamp="20210329 09:30:27.885" level="INFO">${names} = S. Burks</msg>
<status status="PASS" starttime="20210329 09:30:27.872" endtime="20210329 09:30:27.885"></status>
</kw>
<kw name="Append To List" library="Collections">
<doc>Adds ``values`` to the end of ``list``.</doc>
<arguments>
<arg>${username_list}</arg>
<arg>${names}</arg>
</arguments>
<status status="PASS" starttime="20210329 09:30:27.885" endtime="20210329 09:30:27.885"></status>
</kw>
<kw name="Evaluate" library="BuiltIn">
<doc>Evaluates the given expression in Python and returns the result.</doc>
<arguments>
<arg>sorted(${username_list}, key=str, reverse=True)</arg>
</arguments>
<assign>
<var>${sorted}</var>
</assign>
<msg timestamp="20210329 09:30:27.885" level="INFO">${sorted} = ['Y. Berry', 'T. Nixon', 'T. Fitzpatrick', 'S. Itou', 'S. Frost', 'S. Burks']</msg>
<status status="PASS" starttime="20210329 09:30:27.885" endtime="20210329 09:30:27.885"></status>
</kw>
<kw name="Lists Should Be Equal" library="Collections">
<doc>Fails if given lists are unequal.</doc>
<arguments>
<arg>${username_list}</arg>
<arg>${sorted}</arg>
</arguments>
<status status="PASS" starttime="20210329 09:30:27.886" endtime="20210329 09:30:27.886"></status>
</kw>
<kw name="Log To Console" library="BuiltIn">
<doc>Logs the given message to the console.</doc>
<arguments>
<arg>${sorted}</arg>
</arguments>
<status status="PASS" starttime="20210329 09:30:27.886" endtime="20210329 09:30:27.886"></status>
</kw>
<status status="PASS" starttime="20210329 09:30:27.871" endtime="20210329 09:30:27.886"></status>
</kw>
<kw name="${each} = &lt;selenium.webdriver.remote.webelement.WebElement (session=&quot;31118fd7529d9f3e651402d0b85380a0&quot;, element=&quot;62ebad3d-f9aa-453c-8a19-9a235c5d92de&quot;)&gt;" type="foritem">
<kw name="Get Text" library="SeleniumLibrary">
<doc>Returns the text value of the element identified by ``locator``.</doc>
<arguments>
<arg>${each}</arg>
</arguments>
<assign>
<var>${names}</var>
</assign>
<msg timestamp="20210329 09:30:27.899" level="INFO">${names} = R. Davidson</msg>
<status status="PASS" starttime="20210329 09:30:27.886" endtime="20210329 09:30:27.899"></status>
</kw>
<kw name="Append To List" library="Collections">
<doc>Adds ``values`` to the end of ``list``.</doc>
<arguments>
<arg>${username_list}</arg>
<arg>${names}</arg>
</arguments>
<status status="PASS" starttime="20210329 09:30:27.899" endtime="20210329 09:30:27.899"></status>
</kw>
<kw name="Evaluate" library="BuiltIn">
<doc>Evaluates the given expression in Python and returns the result.</doc>
<arguments>
<arg>sorted(${username_list}, key=str, reverse=True)</arg>
</arguments>
<assign>
<var>${sorted}</var>
</assign>
<msg timestamp="20210329 09:30:27.900" level="INFO">${sorted} = ['Y. Berry', 'T. Nixon', 'T. Fitzpatrick', 'S. Itou', 'S. Frost', 'S. Burks', 'R. Davidson']</msg>
<status status="PASS" starttime="20210329 09:30:27.899" endtime="20210329 09:30:27.900"></status>
</kw>
<kw name="Lists Should Be Equal" library="Collections">
<doc>Fails if given lists are unequal.</doc>
<arguments>
<arg>${username_list}</arg>
<arg>${sorted}</arg>
</arguments>
<status status="PASS" starttime="20210329 09:30:27.900" endtime="20210329 09:30:27.900"></status>
</kw>
<kw name="Log To Console" library="BuiltIn">
<doc>Logs the given message to the console.</doc>
<arguments>
<arg>${sorted}</arg>
</arguments>
<status status="PASS" starttime="20210329 09:30:27.900" endtime="20210329 09:30:27.901"></status>
</kw>
<status status="PASS" starttime="20210329 09:30:27.886" endtime="20210329 09:30:27.901"></status>
</kw>
<kw name="${each} = &lt;selenium.webdriver.remote.webelement.WebElement (session=&quot;31118fd7529d9f3e651402d0b85380a0&quot;, element=&quot;6663e0e9-3b86-42e6-ae64-25e8deadedcd&quot;)&gt;" type="foritem">
<kw name="Get Text" library="SeleniumLibrary">
<doc>Returns the text value of the element identified by ``locator``.</doc>
<arguments>
<arg>${each}</arg>
</arguments>
<assign>
<var>${names}</var>
</assign>
<msg timestamp="20210329 09:30:27.915" level="INFO">${names} = Q. Flynn</msg>
<status status="PASS" starttime="20210329 09:30:27.901" endtime="20210329 09:30:27.915"></status>
</kw>
<kw name="Append To List" library="Collections">
<doc>Adds ``values`` to the end of ``list``.</doc>
<arguments>
<arg>${username_list}</arg>
<arg>${names}</arg>
</arguments>
<status status="PASS" starttime="20210329 09:30:27.915" endtime="20210329 09:30:27.915"></status>
</kw>
<kw name="Evaluate" library="BuiltIn">
<doc>Evaluates the given expression in Python and returns the result.</doc>
<arguments>
<arg>sorted(${username_list}, key=str, reverse=True)</arg>
</arguments>
<assign>
<var>${sorted}</var>
</assign>
<msg timestamp="20210329 09:30:27.916" level="INFO">${sorted} = ['Y. Berry', 'T. Nixon', 'T. Fitzpatrick', 'S. Itou', 'S. Frost', 'S. Burks', 'R. Davidson', 'Q. Flynn']</msg>
<status status="PASS" starttime="20210329 09:30:27.915" endtime="20210329 09:30:27.916"></status>
</kw>
<kw name="Lists Should Be Equal" library="Collections">
<doc>Fails if given lists are unequal.</doc>
<arguments>
<arg>${username_list}</arg>
<arg>${sorted}</arg>
</arguments>
<status status="PASS" starttime="20210329 09:30:27.916" endtime="20210329 09:30:27.916"></status>
</kw>
<kw name="Log To Console" library="BuiltIn">
<doc>Logs the given message to the console.</doc>
<arguments>
<arg>${sorted}</arg>
</arguments>
<status status="PASS" starttime="20210329 09:30:27.916" endtime="20210329 09:30:27.916"></status>
</kw>
<status status="PASS" starttime="20210329 09:30:27.901" endtime="20210329 09:30:27.916"></status>
</kw>
<kw name="${each} = &lt;selenium.webdriver.remote.webelement.WebElement (session=&quot;31118fd7529d9f3e651402d0b85380a0&quot;, element=&quot;a06eb822-a5b2-4174-be71-0c217c753289&quot;)&gt;" type="foritem">
<kw name="Get Text" library="SeleniumLibrary">
<doc>Returns the text value of the element identified by ``locator``.</doc>
<arguments>
<arg>${each}</arg>
</arguments>
<assign>
<var>${names}</var>
</assign>
<msg timestamp="20210329 09:30:27.930" level="INFO">${names} = P. Byrd</msg>
<status status="PASS" starttime="20210329 09:30:27.917" endtime="20210329 09:30:27.930"></status>
</kw>
<kw name="Append To List" library="Collections">
<doc>Adds ``values`` to the end of ``list``.</doc>
<arguments>
<arg>${username_list}</arg>
<arg>${names}</arg>
</arguments>
<status status="PASS" starttime="20210329 09:30:27.930" endtime="20210329 09:30:27.930"></status>
</kw>
<kw name="Evaluate" library="BuiltIn">
<doc>Evaluates the given expression in Python and returns the result.</doc>
<arguments>
<arg>sorted(${username_list}, key=str, reverse=True)</arg>
</arguments>
<assign>
<var>${sorted}</var>
</assign>
<msg timestamp="20210329 09:30:27.931" level="INFO">${sorted} = ['Y. Berry', 'T. Nixon', 'T. Fitzpatrick', 'S. Itou', 'S. Frost', 'S. Burks', 'R. Davidson', 'Q. Flynn', 'P. Byrd']</msg>
<status status="PASS" starttime="20210329 09:30:27.931" endtime="20210329 09:30:27.931"></status>
</kw>
<kw name="Lists Should Be Equal" library="Collections">
<doc>Fails if given lists are unequal.</doc>
<arguments>
<arg>${username_list}</arg>
<arg>${sorted}</arg>
</arguments>
<status status="PASS" starttime="20210329 09:30:27.931" endtime="20210329 09:30:27.931"></status>
</kw>
<kw name="Log To Console" library="BuiltIn">
<doc>Logs the given message to the console.</doc>
<arguments>
<arg>${sorted}</arg>
</arguments>
<status status="PASS" starttime="20210329 09:30:27.931" endtime="20210329 09:30:27.932"></status>
</kw>
<status status="PASS" starttime="20210329 09:30:27.917" endtime="20210329 09:30:27.932"></status>
</kw>
<kw name="${each} = &lt;selenium.webdriver.remote.webelement.WebElement (session=&quot;31118fd7529d9f3e651402d0b85380a0&quot;, element=&quot;05eabf07-3b54-4e29-9f08-1b45060ac2a7&quot;)&gt;" type="foritem">
<kw name="Get Text" library="SeleniumLibrary">
<doc>Returns the text value of the element identified by ``locator``.</doc>
<arguments>
<arg>${each}</arg>
</arguments>
<assign>
<var>${names}</var>
</assign>
<msg timestamp="20210329 09:30:27.945" level="INFO">${names} = M. Silva</msg>
<status status="PASS" starttime="20210329 09:30:27.932" endtime="20210329 09:30:27.945"></status>
</kw>
<kw name="Append To List" library="Collections">
<doc>Adds ``values`` to the end of ``list``.</doc>
<arguments>
<arg>${username_list}</arg>
<arg>${names}</arg>
</arguments>
<status status="PASS" starttime="20210329 09:30:27.945" endtime="20210329 09:30:27.946"></status>
</kw>
<kw name="Evaluate" library="BuiltIn">
<doc>Evaluates the given expression in Python and returns the result.</doc>
<arguments>
<arg>sorted(${username_list}, key=str, reverse=True)</arg>
</arguments>
<assign>
<var>${sorted}</var>
</assign>
<msg timestamp="20210329 09:30:27.946" level="INFO">${sorted} = ['Y. Berry', 'T. Nixon', 'T. Fitzpatrick', 'S. Itou', 'S. Frost', 'S. Burks', 'R. Davidson', 'Q. Flynn', 'P. Byrd', 'M. Silva']</msg>
<status status="PASS" starttime="20210329 09:30:27.946" endtime="20210329 09:30:27.946"></status>
</kw>
<kw name="Lists Should Be Equal" library="Collections">
<doc>Fails if given lists are unequal.</doc>
<arguments>
<arg>${username_list}</arg>
<arg>${sorted}</arg>
</arguments>
<status status="PASS" starttime="20210329 09:30:27.946" endtime="20210329 09:30:27.947"></status>
</kw>
<kw name="Log To Console" library="BuiltIn">
<doc>Logs the given message to the console.</doc>
<arguments>
<arg>${sorted}</arg>
</arguments>
<status status="PASS" starttime="20210329 09:30:27.947" endtime="20210329 09:30:27.947"></status>
</kw>
<status status="PASS" starttime="20210329 09:30:27.932" endtime="20210329 09:30:27.947"></status>
</kw>
<status status="PASS" starttime="20210329 09:30:27.788" endtime="20210329 09:30:27.947"></status>
</kw>
<status status="PASS" starttime="20210329 09:30:27.775" endtime="20210329 09:30:27.947"></status>
</kw>
<status status="PASS" starttime="20210329 09:30:24.637" endtime="20210329 09:30:27.947" critical="yes"></status>
</test>
<doc>Sorting Tables</doc>
<status status="PASS" starttime="20210329 09:30:23.503" endtime="20210329 09:30:27.948"></status>
</suite>
<statistics>
<total>
<stat pass="1" fail="0">Critical Tests</stat>
<stat pass="1" fail="0">All Tests</stat>
</total>
<tag>
</tag>
<suite>
<stat pass="1" fail="0" id="s1" name="SortingofTables">SortingofTables</stat>
</suite>
</statistics>
<errors>
<msg timestamp="20210329 09:30:23.740" level="ERROR">Error in file 'C:\Users\selca\PycharmProjects\RobotDatePicker\Resources\Keywords.robot' on line 3: Resource file '..\..\Resources\Common.robot' does not exist.</msg>
<msg timestamp="20210329 09:30:23.742" level="ERROR">Error in file 'C:\Users\selca\PycharmProjects\RobotDatePicker\Resources\Keywords.robot' on line 4: Resource file '..\..\Resources\Locator.robot' does not exist.</msg>
<msg timestamp="20210329 09:30:24.637" level="ERROR">Calling method '_start_suite' of listener 'DataDriver' failed: AttributeError: No "Test Template" keyword found for first test case.</msg>
</errors>
</robot>
