<?xml version="1.0" encoding="UTF-8"?>
<robot generator="Robot 3.2.2 (Python 3.9.1 on win32)" generated="20210322 12:04:40.760" rpa="false">
<suite id="s1" name="ReadCSVDDrive" source="C:\Users\selca\PycharmProjects\RobotDatePicker\Tests\Google\ReadCSVDDrive.robot">
<test id="s1-t1" name="Read CSV values">
<kw name="ReadCSV">
<arguments>
<arg>FirstName</arg>
</arguments>
<assign>
<var>${NAME}</var>
</assign>
<kw name="Create List" library="BuiltIn">
<doc>Returns a list containing given items.</doc>
<arguments>
<arg>FirstName,Crizel</arg>
<arg>LastName,Castro</arg>
</arguments>
<assign>
<var>@{LIST}</var>
</assign>
<msg timestamp="20210322 12:04:41.388" level="INFO">@{LIST} = [ FirstName,Crizel | LastName,Castro ]</msg>
<status status="PASS" starttime="20210322 12:04:41.387" endtime="20210322 12:04:41.388"></status>
</kw>
<kw name="${ITEM} IN [ @{LIST} ]" type="for">
<msg timestamp="20210322 12:04:41.388" level="WARN">Error in file 'C:\Users\selca\PycharmProjects\RobotDatePicker\Tests\Google\ReadCSVDDrive.robot' in FOR loop starting on line 28: For loop header ':FOR' is deprecated. Use 'FOR' instead.</msg>
<msg timestamp="20210322 12:04:41.388" level="WARN">Error in file 'C:\Users\selca\PycharmProjects\RobotDatePicker\Tests\Google\ReadCSVDDrive.robot' in FOR loop starting on line 28: Marking for loop body with '\' is deprecated. Remove markers and use 'END' instead.</msg>
<kw name="${ITEM} = FirstName,Crizel" type="foritem">
<kw name="Split String" library="String">
<doc>Splits the ``string`` using ``separator`` as a delimiter string.</doc>
<arguments>
<arg>${ITEM}</arg>
<arg>,</arg>
</arguments>
<assign>
<var>@{FIELDS}</var>
</assign>
<msg timestamp="20210322 12:04:41.390" level="INFO">@{FIELDS} = [ FirstName | Crizel ]</msg>
<status status="PASS" starttime="20210322 12:04:41.390" endtime="20210322 12:04:41.390"></status>
</kw>
<kw name="Return From Keyword If" library="BuiltIn">
<doc>Returns from the enclosing user keyword if ``condition`` is true.</doc>
<arguments>
<arg>'${FIELDS[0]}' == '${FIELD}'</arg>
<arg>${FIELDS[1]}</arg>
</arguments>
<msg timestamp="20210322 12:04:41.390" level="INFO">Returning from the enclosing user keyword.</msg>
<status status="PASS" starttime="20210322 12:04:41.390" endtime="20210322 12:04:41.391"></status>
</kw>
<status status="PASS" starttime="20210322 12:04:41.389" endtime="20210322 12:04:41.391"></status>
</kw>
<status status="PASS" starttime="20210322 12:04:41.388" endtime="20210322 12:04:41.391"></status>
</kw>
<msg timestamp="20210322 12:04:41.391" level="INFO">${NAME} = Crizel</msg>
<status status="PASS" starttime="20210322 12:04:41.387" endtime="20210322 12:04:41.391"></status>
</kw>
<kw name="Log To Console" library="BuiltIn">
<doc>Logs the given message to the console.</doc>
<arguments>
<arg>FirstName: ${NAME}</arg>
</arguments>
<status status="PASS" starttime="20210322 12:04:41.391" endtime="20210322 12:04:41.392"></status>
</kw>
<kw name="ReadCSV">
<arguments>
<arg>LastName</arg>
</arguments>
<assign>
<var>${ID}</var>
</assign>
<kw name="Create List" library="BuiltIn">
<doc>Returns a list containing given items.</doc>
<arguments>
<arg>FirstName,Crizel</arg>
<arg>LastName,Castro</arg>
</arguments>
<assign>
<var>@{LIST}</var>
</assign>
<msg timestamp="20210322 12:04:41.392" level="INFO">@{LIST} = [ FirstName,Crizel | LastName,Castro ]</msg>
<status status="PASS" starttime="20210322 12:04:41.392" endtime="20210322 12:04:41.392"></status>
</kw>
<kw name="${ITEM} IN [ @{LIST} ]" type="for">
<msg timestamp="20210322 12:04:41.393" level="WARN">Error in file 'C:\Users\selca\PycharmProjects\RobotDatePicker\Tests\Google\ReadCSVDDrive.robot' in FOR loop starting on line 28: For loop header ':FOR' is deprecated. Use 'FOR' instead.</msg>
<msg timestamp="20210322 12:04:41.393" level="WARN">Error in file 'C:\Users\selca\PycharmProjects\RobotDatePicker\Tests\Google\ReadCSVDDrive.robot' in FOR loop starting on line 28: Marking for loop body with '\' is deprecated. Remove markers and use 'END' instead.</msg>
<kw name="${ITEM} = FirstName,Crizel" type="foritem">
<kw name="Split String" library="String">
<doc>Splits the ``string`` using ``separator`` as a delimiter string.</doc>
<arguments>
<arg>${ITEM}</arg>
<arg>,</arg>
</arguments>
<assign>
<var>@{FIELDS}</var>
</assign>
<msg timestamp="20210322 12:04:41.394" level="INFO">@{FIELDS} = [ FirstName | Crizel ]</msg>
<status status="PASS" starttime="20210322 12:04:41.394" endtime="20210322 12:04:41.394"></status>
</kw>
<kw name="Return From Keyword If" library="BuiltIn">
<doc>Returns from the enclosing user keyword if ``condition`` is true.</doc>
<arguments>
<arg>'${FIELDS[0]}' == '${FIELD}'</arg>
<arg>${FIELDS[1]}</arg>
</arguments>
<status status="PASS" starttime="20210322 12:04:41.394" endtime="20210322 12:04:41.394"></status>
</kw>
<status status="PASS" starttime="20210322 12:04:41.394" endtime="20210322 12:04:41.394"></status>
</kw>
<kw name="${ITEM} = LastName,Castro" type="foritem">
<kw name="Split String" library="String">
<doc>Splits the ``string`` using ``separator`` as a delimiter string.</doc>
<arguments>
<arg>${ITEM}</arg>
<arg>,</arg>
</arguments>
<assign>
<var>@{FIELDS}</var>
</assign>
<msg timestamp="20210322 12:04:41.395" level="INFO">@{FIELDS} = [ LastName | Castro ]</msg>
<status status="PASS" starttime="20210322 12:04:41.394" endtime="20210322 12:04:41.395"></status>
</kw>
<kw name="Return From Keyword If" library="BuiltIn">
<doc>Returns from the enclosing user keyword if ``condition`` is true.</doc>
<arguments>
<arg>'${FIELDS[0]}' == '${FIELD}'</arg>
<arg>${FIELDS[1]}</arg>
</arguments>
<msg timestamp="20210322 12:04:41.395" level="INFO">Returning from the enclosing user keyword.</msg>
<status status="PASS" starttime="20210322 12:04:41.395" endtime="20210322 12:04:41.395"></status>
</kw>
<status status="PASS" starttime="20210322 12:04:41.394" endtime="20210322 12:04:41.395"></status>
</kw>
<status status="PASS" starttime="20210322 12:04:41.393" endtime="20210322 12:04:41.395"></status>
</kw>
<msg timestamp="20210322 12:04:41.395" level="INFO">${ID} = Castro</msg>
<status status="PASS" starttime="20210322 12:04:41.392" endtime="20210322 12:04:41.395"></status>
</kw>
<kw name="Log To Console" library="BuiltIn">
<doc>Logs the given message to the console.</doc>
<arguments>
<arg>LastName: ${ID}</arg>
</arguments>
<status status="PASS" starttime="20210322 12:04:41.396" endtime="20210322 12:04:41.396"></status>
</kw>
<status status="PASS" starttime="20210322 12:04:41.386" endtime="20210322 12:04:41.396" critical="yes"></status>
</test>
<doc>Read Excel Sheet</doc>
<status status="PASS" starttime="20210322 12:04:40.762" endtime="20210322 12:04:41.397"></status>
</suite>
<statistics>
<total>
<stat pass="1" fail="0">Critical Tests</stat>
<stat pass="1" fail="0">All Tests</stat>
</total>
<tag>
</tag>
<suite>
<stat pass="1" fail="0" id="s1" name="ReadCSVDDrive">ReadCSVDDrive</stat>
</suite>
</statistics>
<errors>
<msg timestamp="20210322 12:04:40.963" level="ERROR">Error in file 'C:\Users\selca\PycharmProjects\RobotDatePicker\Tests\Google\ReadCSVDDrive.robot' on line 5: Importing test library 'CSVLib' failed: ModuleNotFoundError: No module named 'CSVLib'
Traceback (most recent call last):
  None
PYTHONPATH:
  D:\Python\Python39\Scripts\robot.exe
  d:\python\python39\python39.zip
  d:\python\python39\DLLs
  d:\python\python39\lib
  d:\python\python39
  d:\python\python39\lib\site-packages</msg>
<msg timestamp="20210322 12:04:40.979" level="ERROR">Error in file 'C:\Users\selca\PycharmProjects\RobotDatePicker\Resources\Keywords.robot' on line 3: Resource file '..\..\Resources\Common.robot' does not exist.</msg>
<msg timestamp="20210322 12:04:40.980" level="ERROR">Error in file 'C:\Users\selca\PycharmProjects\RobotDatePicker\Resources\Keywords.robot' on line 4: Resource file '..\..\Resources\Locator.robot' does not exist.</msg>
<msg timestamp="20210322 12:04:41.385" level="ERROR">Calling method '_start_suite' of listener 'DataDriver' failed: ValueError: Your version of xlrd is 2.0.1. In xlrd &gt;= 2.0, only the xls format is supported. Install openpyxl instead.</msg>
<msg timestamp="20210322 12:04:41.388" level="WARN">Error in file 'C:\Users\selca\PycharmProjects\RobotDatePicker\Tests\Google\ReadCSVDDrive.robot' in FOR loop starting on line 28: For loop header ':FOR' is deprecated. Use 'FOR' instead.</msg>
<msg timestamp="20210322 12:04:41.388" level="WARN">Error in file 'C:\Users\selca\PycharmProjects\RobotDatePicker\Tests\Google\ReadCSVDDrive.robot' in FOR loop starting on line 28: Marking for loop body with '\' is deprecated. Remove markers and use 'END' instead.</msg>
<msg timestamp="20210322 12:04:41.393" level="WARN">Error in file 'C:\Users\selca\PycharmProjects\RobotDatePicker\Tests\Google\ReadCSVDDrive.robot' in FOR loop starting on line 28: For loop header ':FOR' is deprecated. Use 'FOR' instead.</msg>
<msg timestamp="20210322 12:04:41.393" level="WARN">Error in file 'C:\Users\selca\PycharmProjects\RobotDatePicker\Tests\Google\ReadCSVDDrive.robot' in FOR loop starting on line 28: Marking for loop body with '\' is deprecated. Remove markers and use 'END' instead.</msg>
</errors>
</robot>
